{Error using gcp (line 49)
Parallel pool failed to start with the following error. For more detailed
information, validate the profile 'local' in the Cluster Profile Manager.

Caused by:
    Error using parallel.internal.pool.InteractiveClient>iThrowWithCause (line
    676)
    Failed to initialize the interactive session.
        Error using
        parallel.internal.pool.InteractiveClient>iThrowIfBadParallelJobStatus
        (line 790)
        The interactive communicating job failed with no message.
} 
{Error using ParforProgMon (line 98)
*** ParforProgMon: You must construct a pool before creating a ParforProgMon
object.
} 

--------------------------------------------------------------------------------
       Segmentation violation detected at Tue Mar 26 16:17:09 2019 -0500
--------------------------------------------------------------------------------

Configuration:
  Crash Decoding           : Disabled - No sandbox or build area path
  Crash Mode               : continue (default)
  Default Encoding         : UTF-8
  Deployed                 : false
  GNU C Library            : 2.17 stable
  Graphics Driver          : Unknown software 
  Java Version             : Java 1.8.0_152-b16 with Oracle Corporation Java HotSpot(TM) 64-Bit Server VM mixed mode
  MATLAB Architecture      : glnxa64
  MATLAB Entitlement ID    : 1496533
  MATLAB Root              : /home1/apps/matlab/2018b
  MATLAB Version           : 9.5.0.944444 (R2018b)
  OpenGL                   : software
  Operating System         : "CentOS Linux release 7.6.1810 (Core) "
  Process ID               : 259717
  Processor ID             : x86 Family 6 Model 85 Stepping 4, GenuineIntel
  Session Key              : 47c5a541-47af-4cd6-bbd5-56f2b010c3ca
  Static TLS mitigation    : Disabled: Unable to open display
  Window System            : No active display

Fault Count: 1


Abnormal termination

Register State (from fault):
  RAX = 0000000000000000  RBX = 0000000000000000
  RCX = 00002ab2e13da558  RDX = 00002ab2d8016c50
  RSP = 00002ab2e13d9330  RBP = 00002ab2e13d9380
  RSI = 00002ab2d8016c50  RDI = 0000000000000000

   R8 = 00002ab2d8016c50   R9 = 0000000000000000
  R10 = 00002ab2b115a600  R11 = 00002ab54045b400
  R12 = 00002ab2e13d93a0  R13 = 00002ab2e13d9340
  R14 = 00002ab563ec5470  R15 = 00002ab2e26e3b30

  RIP = 00002ab54b408641  EFL = 0000000000010246

   CS = 0033   FS = 0000   GS = 0000

Stack Trace (from fault):
[  0] 0x00002ab54b408641                        bin/glnxa64/libmwhgutils.so+00620097 _ZN7hgutils17BaseObjectCOSInfo9getClientEv+00000001
[  1] 0x00002ab54aa6576f                             bin/glnxa64/libmwhg.so+02504559
[  2] 0x00002ab54aa82a38                             bin/glnxa64/libmwhg.so+02624056
[  3] 0x00002ab54aa83cb7                             bin/glnxa64/libmwhg.so+02628791
[  4] 0x00002ab54aad7eb5                             bin/glnxa64/libmwhg.so+02973365
[  5] 0x00002ab54abd6478                             bin/glnxa64/libmwhg.so+04015224
[  6] 0x00002ab54ac370d9                             bin/glnxa64/libmwhg.so+04411609
[  7] 0x00002ab2b0399a11                       bin/glnxa64/libmwservices.so+02996753
[  8] 0x00002ab2b039a422                       bin/glnxa64/libmwservices.so+02999330
[  9] 0x00002ab2b039ad3b                       bin/glnxa64/libmwservices.so+03001659 _Z25svWS_ProcessPendingEventsiib+00000187
[ 10] 0x00002ab2c969f32c                            bin/glnxa64/libmwmcr.so+00709420
[ 11] 0x00002ab2c969fb08                            bin/glnxa64/libmwmcr.so+00711432
[ 12] 0x00002ab2c9697d92                            bin/glnxa64/libmwmcr.so+00679314
[ 13] 0x00002ab2b2999dd5                             /lib64/libpthread.so.0+00032213
[ 14] 0x00002ab2b1119ead                                   /lib64/libc.so.6+01040045 clone+00000109
[ 15] 0x0000000000000000                                   <unknown-module>+00000000

** This crash report has been saved to disk as /home1/06064/jxzheng/matlab_crash_dump.259717-1 **



MATLAB is exiting because of fatal error
/tmp/slurmd/job3183667/slurm_script: line 14: 259717 Killed                  matlab -nodesktop -nodisplay -nosplash < mainvariance.m
